[2019-04-26 10:27:26,707][CSNB793][CSV(13784)][INFO ] CSV started!
[2019-04-26 10:27:26,796][CSNB793][CSV(13784)][INFO ] Hello tiechuan.wang! CLR:4.0.30319.42000
[2019-04-26 10:27:26,800][CSNB793][CSV(13784)][WARN ] Goodbye.
[2019-04-26 10:27:26,803][CSNB793][CSV(13784)][ERROR] 我爱你。 愛してます。 사랑해요. 🌏
[2019-04-26 10:27:26,816][CSNB793][CSV(13784)][DEBUG] ^
[2019-04-26 10:27:26,818][CSNB793][CSV(13784)][DEBUG] ^_^
[2019-04-26 10:27:26,819][CSNB793][CSV(13784)][DEBUG] ^_^_^
[2019-04-26 10:27:26,820][CSNB793][CSV(13784)][DEBUG] ^_^_^_^
[2019-04-26 10:27:26,821][CSNB793][CSV(13784)][DEBUG] ^_^_^_^_^
[2019-04-26 10:27:26,822][CSNB793][CSV(13784)][DEBUG] ^_^_^_^_^_^
[2019-04-26 10:27:26,823][CSNB793][CSV(13784)][DEBUG] ^_^_^_^_^_^_^
[2019-04-26 10:27:26,830][CSNB793][CSV(13784)][DEBUG] ^_^_^_^_^_^_^_^
[2019-04-26 10:28:53,027][CSNB793][CSV(8620)][INFO ] CSV started!
[2019-04-26 10:28:53,116][CSNB793][CSV(8620)][DEBUG] ^
[2019-04-26 10:28:53,118][CSNB793][CSV(8620)][DEBUG] ^_^
[2019-04-26 10:28:53,120][CSNB793][CSV(8620)][DEBUG] ^_^_^
[2019-04-26 10:28:53,122][CSNB793][CSV(8620)][DEBUG] ^_^_^_^
[2019-04-26 10:28:53,123][CSNB793][CSV(8620)][DEBUG] ^_^_^_^_^
[2019-04-26 10:28:53,125][CSNB793][CSV(8620)][DEBUG] ^_^_^_^_^_^
[2019-04-26 10:28:53,127][CSNB793][CSV(8620)][DEBUG] ^_^_^_^_^_^_^
[2019-04-26 10:28:53,128][CSNB793][CSV(8620)][DEBUG] ^_^_^_^_^_^_^_^
[2019-04-26 10:28:57,130][CSNB793][CSV(8620)][INFO ] CSV finished! Time taken: 4.062 secs
[2019-04-26 10:30:19,133][CSNB793][CSV(5068)][INFO ] CSV started!
[2019-04-26 10:30:19,223][CSNB793][CSV(5068)][DEBUG] ^
[2019-04-26 10:30:19,229][CSNB793][CSV(5068)][DEBUG] ^_^
[2019-04-26 10:30:19,230][CSNB793][CSV(5068)][DEBUG] ^_^_^
[2019-04-26 10:30:19,234][CSNB793][CSV(5068)][DEBUG] ^_^_^_^
[2019-04-26 10:30:19,240][CSNB793][CSV(5068)][DEBUG] ^_^_^_^_^
[2019-04-26 10:30:19,242][CSNB793][CSV(5068)][DEBUG] ^_^_^_^_^_^
[2019-04-26 10:30:19,244][CSNB793][CSV(5068)][DEBUG] ^_^_^_^_^_^_^
[2019-04-26 10:30:19,249][CSNB793][CSV(5068)][DEBUG] ^_^_^_^_^_^_^_^
[2019-04-26 10:36:27,121][CSNB793][CSV(14924)][INFO ] CSV started!
[2019-04-26 10:36:30,453][CSNB793][CSV(14924)][INFO ] CSV finished! Time taken: 3.296 secs
[2019-04-26 10:38:04,361][CSNB793][CSV(21276)][INFO ] CSV started!
[2019-04-26 10:38:07,368][CSNB793][CSV(21276)][INFO ] CSV finished! Time taken: 2.966 secs
[2019-04-26 10:38:47,448][CSNB793][CSV(9208)][INFO ] CSV started!
[2019-04-26 10:40:06,502][CSNB793][CSV(14600)][INFO ] CSV started!
[2019-04-26 10:40:14,189][CSNB793][CSV(14600)][INFO ] CSV finished! Time taken: 7.618 secs
[2019-04-26 10:42:18,281][CSNB793][CSV(21436)][INFO ] CSV started!
[2019-04-26 10:43:14,349][CSNB793][CSV(15128)][INFO ] CSV started!
[2019-04-26 10:43:26,830][CSNB793][CSV(15128)][INFO ] CSV finished! Time taken: 12.420 secs
[2019-04-26 10:43:36,002][CSNB793][CSV(10632)][INFO ] CSV started!
[2019-04-26 10:43:40,215][CSNB793][CSV(10632)][INFO ] CSV finished! Time taken: 4.178 secs
